Using pre-set license
Built from '2021.3/staging' branch; Version is '2021.3.22f1 (b6c551784ba3) revision 11978065'; Using compiler version '192829333'; Build Type 'Release'
OS: 'Windows 10  (10.0.19045) 64bit Professional' Language: 'ko' Physical Memory: 16266 MB
BatchMode: 1, IsHumanControllingUs: 0, StartBugReporterOnCrash: 0, Is64bit: 1, IsPro: 1

COMMAND LINE ARGUMENTS:
D:\Unity\2021.3.22f1\Editor\Unity.exe
-adb2
-batchMode
-noUpm
-name
AssetImportWorker0
-projectPath
D:/UnityProject/Zombie/Zombie
-logFile
Logs/AssetImportWorker0.log
-srvPort
58387
Successfully changed project path to: D:/UnityProject/Zombie/Zombie
D:/UnityProject/Zombie/Zombie
[UnityMemory] Configuration Parameters - Can be set up in boot.config
    "memorysetup-bucket-allocator-granularity=16"
    "memorysetup-bucket-allocator-bucket-count=8"
    "memorysetup-bucket-allocator-block-size=33554432"
    "memorysetup-bucket-allocator-block-count=8"
    "memorysetup-main-allocator-block-size=16777216"
    "memorysetup-thread-allocator-block-size=16777216"
    "memorysetup-gfx-main-allocator-block-size=16777216"
    "memorysetup-gfx-thread-allocator-block-size=16777216"
    "memorysetup-cache-allocator-block-size=4194304"
    "memorysetup-typetree-allocator-block-size=2097152"
    "memorysetup-profiler-bucket-allocator-granularity=16"
    "memorysetup-profiler-bucket-allocator-bucket-count=8"
    "memorysetup-profiler-bucket-allocator-block-size=33554432"
    "memorysetup-profiler-bucket-allocator-block-count=8"
    "memorysetup-profiler-allocator-block-size=16777216"
    "memorysetup-profiler-editor-allocator-block-size=1048576"
    "memorysetup-temp-allocator-size-main=16777216"
    "memorysetup-job-temp-allocator-block-size=2097152"
    "memorysetup-job-temp-allocator-block-size-background=1048576"
    "memorysetup-job-temp-allocator-reduction-small-platforms=262144"
    "memorysetup-temp-allocator-size-background-worker=32768"
    "memorysetup-temp-allocator-size-job-worker=262144"
    "memorysetup-temp-allocator-size-preload-manager=33554432"
    "memorysetup-temp-allocator-size-nav-mesh-worker=65536"
    "memorysetup-temp-allocator-size-audio-worker=65536"
    "memorysetup-temp-allocator-size-cloud-worker=32768"
    "memorysetup-temp-allocator-size-gi-baking-worker=262144"
    "memorysetup-temp-allocator-size-gfx=262144"
Player connection [3860] Host "[IP] 192.168.0.48 [Port] 0 [Flags] 2 [Guid] 4285062709 [EditorId] 4285062709 [Version] 1048832 [Id] WindowsEditor(7,301-07) [Debug] 1 [PackageName] WindowsEditor [ProjectName] Editor" joined multi-casting on [225.0.0.222:54997]...

Player connection [3860] Host "[IP] 192.168.0.48 [Port] 0 [Flags] 2 [Guid] 4285062709 [EditorId] 4285062709 [Version] 1048832 [Id] WindowsEditor(7,301-07) [Debug] 1 [PackageName] WindowsEditor [ProjectName] Editor" joined alternative multi-casting on [225.0.0.222:34997]...

Refreshing native plugins compatible for Editor in 113.15 ms, found 3 plugins.
Preloading 0 native plugins for Editor in 0.00 ms.
Initialize engine version: 2021.3.22f1 (b6c551784ba3)
[Subsystems] Discovering subsystems at path D:/Unity/2021.3.22f1/Editor/Data/Resources/UnitySubsystems
[Subsystems] Discovering subsystems at path D:/UnityProject/Zombie/Zombie/Assets
GfxDevice: creating device client; threaded=0; jobified=0
Direct3D:
    Version:  Direct3D 11.0 [level 11.1]
    Renderer: NVIDIA GeForce GTX 1060 3GB (ID=0x1c02)
    Vendor:   NVIDIA
    VRAM:     2979 MB
    Driver:   31.0.15.3203
Initialize mono
Mono path[0] = 'D:/Unity/2021.3.22f1/Editor/Data/Managed'
Mono path[1] = 'D:/Unity/2021.3.22f1/Editor/Data/MonoBleedingEdge/lib/mono/unityjit-win32'
Mono config path = 'D:/Unity/2021.3.22f1/Editor/Data/MonoBleedingEdge/etc'
Using monoOptions --debugger-agent=transport=dt_socket,embedding=1,server=y,suspend=n,address=127.0.0.1:56460
Begin MonoManager ReloadAssembly
Registering precompiled unity dll's ...
Register platform support module: D:/Unity/2021.3.22f1/Editor/Data/PlaybackEngines/AndroidPlayer/UnityEditor.Android.Extensions.dll
Register platform support module: D:/Unity/2021.3.22f1/Editor/Data/PlaybackEngines/WindowsStandaloneSupport/UnityEditor.WindowsStandalone.Extensions.dll
Registered in 0.003441 seconds.
Native extension for WindowsStandalone target not found
Native extension for Android target not found
Android Extension - Scanning For ADB Devices 320 ms
Refreshing native plugins compatible for Editor in 103.04 ms, found 3 plugins.
Preloading 0 native plugins for Editor in 0.00 ms.
Mono: successfully reloaded assembly
- Completed reload, in  1.119 seconds
Domain Reload Profiling:
	ReloadAssembly (1120ms)
		BeginReloadAssembly (92ms)
			ExecutionOrderSort (0ms)
			DisableScriptedObjects (0ms)
			BackupInstance (0ms)
			ReleaseScriptingObjects (0ms)
			CreateAndSetChildDomain (1ms)
		EndReloadAssembly (920ms)
			LoadAssemblies (91ms)
			RebuildTransferFunctionScriptingTraits (0ms)
			SetupTypeCache (152ms)
			ReleaseScriptCaches (0ms)
			RebuildScriptCaches (32ms)
			SetupLoadedEditorAssemblies (676ms)
				LogAssemblyErrors (0ms)
				InitializePlatformSupportModulesInManaged (406ms)
				SetLoadedEditorAssemblies (0ms)
				RefreshPlugins (103ms)
				BeforeProcessingInitializeOnLoad (1ms)
				ProcessInitializeOnLoadAttributes (108ms)
				ProcessInitializeOnLoadMethodAttributes (56ms)
				AfterProcessingInitializeOnLoad (0ms)
				EditorAssembliesLoaded (0ms)
			ExecutionOrderSort2 (0ms)
			AwakeInstancesAfterBackupRestoration (0ms)
Platform modules already initialized, skipping
Registering precompiled user dll's ...
Registered in 0.004340 seconds.
Begin MonoManager ReloadAssembly
Symbol file LoadedFromMemory doesn't match image D:\UnityProject\Zombie\Zombie\Library\PackageCache\com.unity.visualscripting@1.8.0\Editor\VisualScripting.Core\Dependencies\YamlDotNet\Unity.VisualScripting.YamlDotNet.dll
Symbol file LoadedFromMemory doesn't match image D:\UnityProject\Zombie\Zombie\Library\PackageCache\com.unity.visualscripting@1.8.0\Editor\VisualScripting.Core\Dependencies\DotNetZip\Unity.VisualScripting.IonicZip.dll
Native extension for WindowsStandalone target not found
Native extension for Android target not found
Refreshing native plugins compatible for Editor in 0.89 ms, found 3 plugins.
Preloading 0 native plugins for Editor in 0.00 ms.
Mono: successfully reloaded assembly
- Completed reload, in  1.204 seconds
Domain Reload Profiling:
	ReloadAssembly (1205ms)
		BeginReloadAssembly (126ms)
			ExecutionOrderSort (0ms)
			DisableScriptedObjects (6ms)
			BackupInstance (0ms)
			ReleaseScriptingObjects (0ms)
			CreateAndSetChildDomain (21ms)
		EndReloadAssembly (965ms)
			LoadAssemblies (89ms)
			RebuildTransferFunctionScriptingTraits (0ms)
			SetupTypeCache (333ms)
			ReleaseScriptCaches (1ms)
			RebuildScriptCaches (69ms)
			SetupLoadedEditorAssemblies (426ms)
				LogAssemblyErrors (0ms)
				InitializePlatformSupportModulesInManaged (22ms)
				SetLoadedEditorAssemblies (1ms)
				RefreshPlugins (1ms)
				BeforeProcessingInitializeOnLoad (111ms)
				ProcessInitializeOnLoadAttributes (263ms)
				ProcessInitializeOnLoadMethodAttributes (25ms)
				AfterProcessingInitializeOnLoad (3ms)
				EditorAssembliesLoaded (0ms)
			ExecutionOrderSort2 (0ms)
			AwakeInstancesAfterBackupRestoration (7ms)
Platform modules already initialized, skipping
========================================================================
Worker process is ready to serve import requests
Launched and connected shader compiler UnityShaderCompiler.exe after 0.05 seconds
Refreshing native plugins compatible for Editor in 0.53 ms, found 3 plugins.
Preloading 0 native plugins for Editor in 0.00 ms.
Unloading 3047 Unused Serialized files (Serialized files now loaded: 0)
Unloading 24 unused Assets / (113.3 KB). Loaded Objects now: 3509.
Memory consumption went from 112.0 MB to 111.8 MB.
Total: 4.943400 ms (FindLiveObjects: 0.368800 ms CreateObjectMapping: 0.285600 ms MarkObjects: 4.168800 ms  DeleteObjects: 0.119100 ms)

AssetImportParameters requested are different than current active one (requested -> active):
  custom:video-decoder-ogg-theora: a1e56fd34408186e4bbccfd4996cb3dc -> 
  custom:container-muxer-webm: aa71ff27fc2769a1b78a27578f13a17b -> 
  custom:container-demuxer-webm: 4f35f7cbe854078d1ac9338744f61a02 -> 
  custom:video-encoder-webm-vp8: eb34c28f22e8b96e1ab97ce403110664 -> 
  custom:audio-encoder-webm-vorbis: bf7c407c2cedff20999df2af8eb42d56 -> 
  custom:framework-win-MediaFoundation: 216162199b28c13a410421893ffa2e32 -> 
  custom:container-demuxer-ogg: 62fdf1f143b41e24485cea50d1cbac27 -> 
  custom:video-decoder-webm-vp8: 9c59270c3fd7afecdb556c50c9e8de78 -> 
  custom:audio-decoder-ogg-vorbis: bf7c407c2cedff20999df2af8eb42d56 -> 
========================================================================
Received Import Request.
  Time since last request: 513370.939850 seconds.
  path: Assets
  artifactKey: Guid(00000000000000001000000000000000) Importer(815301076,1909f56bfc062723c751e8b465ee728b)
Start importing Assets using Guid(00000000000000001000000000000000) Importer(815301076,1909f56bfc062723c751e8b465ee728b)  -> (artifact id: '79842766b460edbeab6a34051e857a80') in 0.011274 seconds 
========================================================================
Received Import Request.
  Time since last request: 207.530199 seconds.
  path: Assets/01.Scripts
  artifactKey: Guid(566ef641b8690104aacd3f68b20df996) Importer(815301076,1909f56bfc062723c751e8b465ee728b)
Start importing Assets/01.Scripts using Guid(566ef641b8690104aacd3f68b20df996) Importer(815301076,1909f56bfc062723c751e8b465ee728b)  -> (artifact id: '67c419e9c171080d5c56439f6d19f09d') in 0.008249 seconds 
========================================================================
Received Import Request.
  Time since last request: 3.801590 seconds.
  path: Assets/Scenes
  artifactKey: Guid(6ea315d0fd7389c41b19996891e99ae3) Importer(815301076,1909f56bfc062723c751e8b465ee728b)
Start importing Assets/Scenes using Guid(6ea315d0fd7389c41b19996891e99ae3) Importer(815301076,1909f56bfc062723c751e8b465ee728b)  -> (artifact id: 'b8193726cff86800c54781cdc6d54904') in 0.006766 seconds 
========================================================================
Received Import Request.
  Time since last request: 4.102127 seconds.
  path: Assets/00.Scenes
  artifactKey: Guid(6ea315d0fd7389c41b19996891e99ae3) Importer(815301076,1909f56bfc062723c751e8b465ee728b)
Start importing Assets/00.Scenes using Guid(6ea315d0fd7389c41b19996891e99ae3) Importer(815301076,1909f56bfc062723c751e8b465ee728b)  -> (artifact id: 'f531b6acc2c64ad203ddce37ae74030a') in 0.006151 seconds 
========================================================================
Received Import Request.
  Time since last request: 5.731464 seconds.
  path: Assets/Prefabs
  artifactKey: Guid(757ffa386c752254ba944b081647a9b6) Importer(815301076,1909f56bfc062723c751e8b465ee728b)
Start importing Assets/Prefabs using Guid(757ffa386c752254ba944b081647a9b6) Importer(815301076,1909f56bfc062723c751e8b465ee728b)  -> (artifact id: '055641fd83216a7a7279c4fb7401204e') in 0.006516 seconds 
========================================================================
Received Import Request.
  Time since last request: 4.849252 seconds.
  path: Assets/02.Prefabs
  artifactKey: Guid(757ffa386c752254ba944b081647a9b6) Importer(815301076,1909f56bfc062723c751e8b465ee728b)
Start importing Assets/02.Prefabs using Guid(757ffa386c752254ba944b081647a9b6) Importer(815301076,1909f56bfc062723c751e8b465ee728b)  -> (artifact id: '4f77230f07708db9f2636b4ec4fb01a0') in 0.006247 seconds 
========================================================================
Received Import Request.
  Time since last request: 3.715330 seconds.
  path: Assets/Models
  artifactKey: Guid(fae7e55b44954cd4f9d882563b98eea7) Importer(815301076,1909f56bfc062723c751e8b465ee728b)
Start importing Assets/Models using Guid(fae7e55b44954cd4f9d882563b98eea7) Importer(815301076,1909f56bfc062723c751e8b465ee728b)  -> (artifact id: 'fe8146a66758189e5b942fe865196534') in 0.006650 seconds 
========================================================================
Received Import Request.
  Time since last request: 7.887817 seconds.
  path: Assets/03.Models
  artifactKey: Guid(fae7e55b44954cd4f9d882563b98eea7) Importer(815301076,1909f56bfc062723c751e8b465ee728b)
Start importing Assets/03.Models using Guid(fae7e55b44954cd4f9d882563b98eea7) Importer(815301076,1909f56bfc062723c751e8b465ee728b)  -> (artifact id: '71bdc97e8b5c52c376c7d932f1353adb') in 0.006192 seconds 
========================================================================
Received Import Request.
  Time since last request: 2.703528 seconds.
  path: Assets/Materials
  artifactKey: Guid(34dd80b31c726b54281a4b9495181f95) Importer(815301076,1909f56bfc062723c751e8b465ee728b)
Start importing Assets/Materials using Guid(34dd80b31c726b54281a4b9495181f95) Importer(815301076,1909f56bfc062723c751e8b465ee728b)  -> (artifact id: '0167b5cab33abe9bf17d07e40dcfc982') in 0.007920 seconds 
========================================================================
Received Import Request.
  Time since last request: 3.144760 seconds.
  path: Assets/04.Materials
  artifactKey: Guid(34dd80b31c726b54281a4b9495181f95) Importer(815301076,1909f56bfc062723c751e8b465ee728b)
Start importing Assets/04.Materials using Guid(34dd80b31c726b54281a4b9495181f95) Importer(815301076,1909f56bfc062723c751e8b465ee728b)  -> (artifact id: 'c3affc8f368665dbd4055c8bc3e53858') in 0.006131 seconds 
========================================================================
Received Import Request.
  Time since last request: 6.872245 seconds.
  path: Assets/Animations
  artifactKey: Guid(6cf48e077ecd5464784eab869d044f14) Importer(815301076,1909f56bfc062723c751e8b465ee728b)
Start importing Assets/Animations using Guid(6cf48e077ecd5464784eab869d044f14) Importer(815301076,1909f56bfc062723c751e8b465ee728b)  -> (artifact id: '7cfde3753c5bef2072fa860d2d2113ba') in 0.006620 seconds 
========================================================================
Received Import Request.
  Time since last request: 2.945841 seconds.
  path: Assets/05.Animations
  artifactKey: Guid(6cf48e077ecd5464784eab869d044f14) Importer(815301076,1909f56bfc062723c751e8b465ee728b)
Start importing Assets/05.Animations using Guid(6cf48e077ecd5464784eab869d044f14) Importer(815301076,1909f56bfc062723c751e8b465ee728b)  -> (artifact id: 'cd9bbe3047fc462b5b0f48fc1c9aa958') in 0.006409 seconds 
========================================================================
Received Import Request.
  Time since last request: 3.543498 seconds.
  path: Assets/Textures
  artifactKey: Guid(60bb27b6cb9142c40901bf2f449d2687) Importer(815301076,1909f56bfc062723c751e8b465ee728b)
Start importing Assets/Textures using Guid(60bb27b6cb9142c40901bf2f449d2687) Importer(815301076,1909f56bfc062723c751e8b465ee728b)  -> (artifact id: '0d3db4eed6c5385d873d370003fc8ce9') in 0.006594 seconds 
========================================================================
Received Import Request.
  Time since last request: 2.602970 seconds.
  path: Assets/06.Textures
  artifactKey: Guid(60bb27b6cb9142c40901bf2f449d2687) Importer(815301076,1909f56bfc062723c751e8b465ee728b)
Start importing Assets/06.Textures using Guid(60bb27b6cb9142c40901bf2f449d2687) Importer(815301076,1909f56bfc062723c751e8b465ee728b)  -> (artifact id: '9df2d70c45a4ec8667292ee247b0eeaa') in 0.006217 seconds 
========================================================================
Received Import Request.
  Time since last request: 4.402902 seconds.
  path: Assets/Sprites
  artifactKey: Guid(677720c598416fe47bc4c36575f04d13) Importer(815301076,1909f56bfc062723c751e8b465ee728b)
Start importing Assets/Sprites using Guid(677720c598416fe47bc4c36575f04d13) Importer(815301076,1909f56bfc062723c751e8b465ee728b)  -> (artifact id: '83913e69720a679afa46d48fa0970d49') in 0.007539 seconds 
========================================================================
Received Import Request.
  Time since last request: 3.801683 seconds.
  path: Assets/07.Sprites
  artifactKey: Guid(677720c598416fe47bc4c36575f04d13) Importer(815301076,1909f56bfc062723c751e8b465ee728b)
Start importing Assets/07.Sprites using Guid(677720c598416fe47bc4c36575f04d13) Importer(815301076,1909f56bfc062723c751e8b465ee728b)  -> (artifact id: 'adcfc8a666426a9359b944dfd0dd81f2') in 0.007597 seconds 
========================================================================
Received Import Request.
  Time since last request: 2.817614 seconds.
  path: Assets/Audios
  artifactKey: Guid(57960084016070c41b0341de5121e5c1) Importer(815301076,1909f56bfc062723c751e8b465ee728b)
Start importing Assets/Audios using Guid(57960084016070c41b0341de5121e5c1) Importer(815301076,1909f56bfc062723c751e8b465ee728b)  -> (artifact id: '638696470380d5ad4f5f72d794088891') in 0.006289 seconds 
========================================================================
Received Import Request.
  Time since last request: 3.640604 seconds.
  path: Assets/08.Audios
  artifactKey: Guid(57960084016070c41b0341de5121e5c1) Importer(815301076,1909f56bfc062723c751e8b465ee728b)
Start importing Assets/08.Audios using Guid(57960084016070c41b0341de5121e5c1) Importer(815301076,1909f56bfc062723c751e8b465ee728b)  -> (artifact id: '1153528e00402ed7a7f6a1a34eb8e3ca') in 0.006123 seconds 
========================================================================
Received Import Request.
  Time since last request: 1.745805 seconds.
  path: Assets/Fonts
  artifactKey: Guid(3c505e85b9c66954ea4f695f2d6b202b) Importer(815301076,1909f56bfc062723c751e8b465ee728b)
Start importing Assets/Fonts using Guid(3c505e85b9c66954ea4f695f2d6b202b) Importer(815301076,1909f56bfc062723c751e8b465ee728b)  -> (artifact id: 'd655a7bfdee6110e13f1950fbf7daded') in 0.006624 seconds 
========================================================================
Received Import Request.
  Time since last request: 3.556577 seconds.
  path: Assets/09.Fonts
  artifactKey: Guid(3c505e85b9c66954ea4f695f2d6b202b) Importer(815301076,1909f56bfc062723c751e8b465ee728b)
Start importing Assets/09.Fonts using Guid(3c505e85b9c66954ea4f695f2d6b202b) Importer(815301076,1909f56bfc062723c751e8b465ee728b)  -> (artifact id: 'bed05157711b0b9d499069f6750f902a') in 0.007071 seconds 
========================================================================
Received Import Request.
  Time since last request: 240.941308 seconds.
  path: Packages/com.unity.timeline
  artifactKey: Guid(a4610cf559d77b9f256416d9ccaeac55) Importer(815301076,1909f56bfc062723c751e8b465ee728b)
Start importing Packages/com.unity.timeline using Guid(a4610cf559d77b9f256416d9ccaeac55) Importer(815301076,1909f56bfc062723c751e8b465ee728b)  -> (artifact id: '3be45df041d1e7c843b5ce010cfbbe2c') in 0.008665 seconds 
========================================================================
Received Prepare
Registering precompiled user dll's ...
Registered in 0.006635 seconds.
Begin MonoManager ReloadAssembly
Symbol file LoadedFromMemory doesn't match image D:\UnityProject\Zombie\Zombie\Library\PackageCache\com.unity.visualscripting@1.8.0\Editor\VisualScripting.Core\Dependencies\YamlDotNet\Unity.VisualScripting.YamlDotNet.dll
Symbol file LoadedFromMemory doesn't match image D:\UnityProject\Zombie\Zombie\Library\PackageCache\com.unity.visualscripting@1.8.0\Editor\VisualScripting.Core\Dependencies\DotNetZip\Unity.VisualScripting.IonicZip.dll
Native extension for WindowsStandalone target not found
Native extension for Android target not found
Refreshing native plugins compatible for Editor in 0.73 ms, found 3 plugins.
Preloading 0 native plugins for Editor in 0.00 ms.
Mono: successfully reloaded assembly
- Completed reload, in  1.276 seconds
Domain Reload Profiling:
	ReloadAssembly (1276ms)
		BeginReloadAssembly (176ms)
			ExecutionOrderSort (0ms)
			DisableScriptedObjects (6ms)
			BackupInstance (0ms)
			ReleaseScriptingObjects (0ms)
			CreateAndSetChildDomain (43ms)
		EndReloadAssembly (969ms)
			LoadAssemblies (118ms)
			RebuildTransferFunctionScriptingTraits (0ms)
			SetupTypeCache (392ms)
			ReleaseScriptCaches (1ms)
			RebuildScriptCaches (58ms)
			SetupLoadedEditorAssemblies (368ms)
				LogAssemblyErrors (0ms)
				InitializePlatformSupportModulesInManaged (28ms)
				SetLoadedEditorAssemblies (0ms)
				RefreshPlugins (1ms)
				BeforeProcessingInitializeOnLoad (73ms)
				ProcessInitializeOnLoadAttributes (241ms)
				ProcessInitializeOnLoadMethodAttributes (21ms)
				AfterProcessingInitializeOnLoad (5ms)
				EditorAssembliesLoaded (0ms)
			ExecutionOrderSort2 (0ms)
			AwakeInstancesAfterBackupRestoration (10ms)
Platform modules already initialized, skipping
Refreshing native plugins compatible for Editor in 1.42 ms, found 3 plugins.
Preloading 0 native plugins for Editor in 0.00 ms.
Unloading 3202 Unused Serialized files (Serialized files now loaded: 0)
Unloading 19 unused Assets / (173.5 KB). Loaded Objects now: 3681.
Memory consumption went from 117.4 MB to 117.2 MB.
Total: 2.796800 ms (FindLiveObjects: 0.261400 ms CreateObjectMapping: 0.165200 ms MarkObjects: 2.266000 ms  DeleteObjects: 0.103400 ms)

AssetImportParameters requested are different than current active one (requested -> active):
  custom:video-decoder-ogg-theora: a1e56fd34408186e4bbccfd4996cb3dc -> 
  custom:container-muxer-webm: aa71ff27fc2769a1b78a27578f13a17b -> 
  custom:container-demuxer-webm: 4f35f7cbe854078d1ac9338744f61a02 -> 
  custom:video-encoder-webm-vp8: eb34c28f22e8b96e1ab97ce403110664 -> 
  custom:audio-encoder-webm-vorbis: bf7c407c2cedff20999df2af8eb42d56 -> 
  custom:framework-win-MediaFoundation: 216162199b28c13a410421893ffa2e32 -> 
  custom:container-demuxer-ogg: 62fdf1f143b41e24485cea50d1cbac27 -> 
  custom:video-decoder-webm-vp8: 9c59270c3fd7afecdb556c50c9e8de78 -> 
  custom:audio-decoder-ogg-vorbis: bf7c407c2cedff20999df2af8eb42d56 -> 
========================================================================
Received Prepare
Registering precompiled user dll's ...
Registered in 0.004448 seconds.
Begin MonoManager ReloadAssembly
Symbol file LoadedFromMemory doesn't match image D:\UnityProject\Zombie\Zombie\Library\PackageCache\com.unity.visualscripting@1.8.0\Editor\VisualScripting.Core\Dependencies\YamlDotNet\Unity.VisualScripting.YamlDotNet.dll
Symbol file LoadedFromMemory doesn't match image D:\UnityProject\Zombie\Zombie\Library\PackageCache\com.unity.visualscripting@1.8.0\Editor\VisualScripting.Core\Dependencies\DotNetZip\Unity.VisualScripting.IonicZip.dll
Native extension for WindowsStandalone target not found
Native extension for Android target not found
Refreshing native plugins compatible for Editor in 0.56 ms, found 3 plugins.
Preloading 0 native plugins for Editor in 0.00 ms.
[ScriptCompilation] NOT recompiling all scripts because this is an import worker process. Reason to compile was: Define symbols changed
Mono: successfully reloaded assembly
- Completed reload, in  1.296 seconds
Domain Reload Profiling:
	ReloadAssembly (1297ms)
		BeginReloadAssembly (166ms)
			ExecutionOrderSort (0ms)
			DisableScriptedObjects (9ms)
			BackupInstance (0ms)
			ReleaseScriptingObjects (0ms)
			CreateAndSetChildDomain (47ms)
		EndReloadAssembly (1021ms)
			LoadAssemblies (97ms)
			RebuildTransferFunctionScriptingTraits (0ms)
			SetupTypeCache (313ms)
			ReleaseScriptCaches (2ms)
			RebuildScriptCaches (55ms)
			SetupLoadedEditorAssemblies (499ms)
				LogAssemblyErrors (0ms)
				InitializePlatformSupportModulesInManaged (21ms)
				SetLoadedEditorAssemblies (0ms)
				RefreshPlugins (1ms)
				BeforeProcessingInitializeOnLoad (77ms)
				ProcessInitializeOnLoadAttributes (363ms)
				ProcessInitializeOnLoadMethodAttributes (32ms)
				AfterProcessingInitializeOnLoad (5ms)
				EditorAssembliesLoaded (0ms)
			ExecutionOrderSort2 (0ms)
			AwakeInstancesAfterBackupRestoration (10ms)
Platform modules already initialized, skipping
Refreshing native plugins compatible for Editor in 2.03 ms, found 3 plugins.
Preloading 0 native plugins for Editor in 0.00 ms.
Unloading 3335 Unused Serialized files (Serialized files now loaded: 0)
Unloading 58 unused Assets / (3.5 MB). Loaded Objects now: 3790.
Memory consumption went from 128.0 MB to 124.6 MB.
Total: 5.718900 ms (FindLiveObjects: 0.479500 ms CreateObjectMapping: 0.315500 ms MarkObjects: 3.703100 ms  DeleteObjects: 1.219700 ms)

AssetImportParameters requested are different than current active one (requested -> active):
  custom:video-decoder-ogg-theora: a1e56fd34408186e4bbccfd4996cb3dc -> 
  custom:container-muxer-webm: aa71ff27fc2769a1b78a27578f13a17b -> 
  custom:container-demuxer-webm: 4f35f7cbe854078d1ac9338744f61a02 -> 
  custom:video-encoder-webm-vp8: eb34c28f22e8b96e1ab97ce403110664 -> 
  custom:audio-encoder-webm-vorbis: bf7c407c2cedff20999df2af8eb42d56 -> 
  custom:framework-win-MediaFoundation: 216162199b28c13a410421893ffa2e32 -> 
  custom:container-demuxer-ogg: 62fdf1f143b41e24485cea50d1cbac27 -> 
  custom:video-decoder-webm-vp8: 9c59270c3fd7afecdb556c50c9e8de78 -> 
  custom:audio-decoder-ogg-vorbis: bf7c407c2cedff20999df2af8eb42d56 -> 
========================================================================
Received Import Request.
  Time since last request: 1117.907571 seconds.
  path: Assets/00.Scenes/SampleScene.unity
  artifactKey: Guid(9fc0d4010bbf28b4594072e72b8655ab) Importer(815301076,1909f56bfc062723c751e8b465ee728b)
Start importing Assets/00.Scenes/SampleScene.unity using Guid(9fc0d4010bbf28b4594072e72b8655ab) Importer(815301076,1909f56bfc062723c751e8b465ee728b)  -> (artifact id: 'e55ccaa32d8e5c1de03c07a5412c8c3c') in 0.014926 seconds 
========================================================================
Received Import Request.
  Time since last request: 40.417335 seconds.
  path: Assets/00.Scenes/Main.unity
  artifactKey: Guid(c71a4f26a19f22946867e1537ff95767) Importer(815301076,1909f56bfc062723c751e8b465ee728b)
Start importing Assets/00.Scenes/Main.unity using Guid(c71a4f26a19f22946867e1537ff95767) Importer(815301076,1909f56bfc062723c751e8b465ee728b)  -> (artifact id: '8cd95af4e2cf58caad21d877759db1a0') in 0.007119 seconds 
