Using pre-set license
Built from '2021.3/staging' branch; Version is '2021.3.22f1 (b6c551784ba3) revision 11978065'; Using compiler version '192829333'; Build Type 'Release'
OS: 'Windows 10  (10.0.19045) 64bit Professional' Language: 'ko' Physical Memory: 16266 MB
BatchMode: 1, IsHumanControllingUs: 0, StartBugReporterOnCrash: 0, Is64bit: 1, IsPro: 1

COMMAND LINE ARGUMENTS:
D:\Unity\2021.3.22f1\Editor\Unity.exe
-adb2
-batchMode
-noUpm
-name
AssetImportWorker1
-projectPath
D:/UnityProject/Zombie/Zombie
-logFile
Logs/AssetImportWorker1.log
-srvPort
53920
Successfully changed project path to: D:/UnityProject/Zombie/Zombie
D:/UnityProject/Zombie/Zombie
[UnityMemory] Configuration Parameters - Can be set up in boot.config
    "memorysetup-bucket-allocator-granularity=16"
    "memorysetup-bucket-allocator-bucket-count=8"
    "memorysetup-bucket-allocator-block-size=33554432"
    "memorysetup-bucket-allocator-block-count=8"
    "memorysetup-main-allocator-block-size=16777216"
    "memorysetup-thread-allocator-block-size=16777216"
    "memorysetup-gfx-main-allocator-block-size=16777216"
    "memorysetup-gfx-thread-allocator-block-size=16777216"
    "memorysetup-cache-allocator-block-size=4194304"
    "memorysetup-typetree-allocator-block-size=2097152"
    "memorysetup-profiler-bucket-allocator-granularity=16"
    "memorysetup-profiler-bucket-allocator-bucket-count=8"
    "memorysetup-profiler-bucket-allocator-block-size=33554432"
    "memorysetup-profiler-bucket-allocator-block-count=8"
    "memorysetup-profiler-allocator-block-size=16777216"
    "memorysetup-profiler-editor-allocator-block-size=1048576"
    "memorysetup-temp-allocator-size-main=16777216"
    "memorysetup-job-temp-allocator-block-size=2097152"
    "memorysetup-job-temp-allocator-block-size-background=1048576"
    "memorysetup-job-temp-allocator-reduction-small-platforms=262144"
    "memorysetup-temp-allocator-size-background-worker=32768"
    "memorysetup-temp-allocator-size-job-worker=262144"
    "memorysetup-temp-allocator-size-preload-manager=33554432"
    "memorysetup-temp-allocator-size-nav-mesh-worker=65536"
    "memorysetup-temp-allocator-size-audio-worker=65536"
    "memorysetup-temp-allocator-size-cloud-worker=32768"
    "memorysetup-temp-allocator-size-gi-baking-worker=262144"
    "memorysetup-temp-allocator-size-gfx=262144"
Player connection [17020] Host "[IP] 192.168.0.48 [Port] 0 [Flags] 2 [Guid] 3472497175 [EditorId] 3472497175 [Version] 1048832 [Id] WindowsEditor(7,301-07) [Debug] 1 [PackageName] WindowsEditor [ProjectName] Editor" joined multi-casting on [225.0.0.222:54997]...

Player connection [17020] Host "[IP] 192.168.0.48 [Port] 0 [Flags] 2 [Guid] 3472497175 [EditorId] 3472497175 [Version] 1048832 [Id] WindowsEditor(7,301-07) [Debug] 1 [PackageName] WindowsEditor [ProjectName] Editor" joined alternative multi-casting on [225.0.0.222:34997]...

Refreshing native plugins compatible for Editor in 107.62 ms, found 3 plugins.
Preloading 0 native plugins for Editor in 0.00 ms.
Initialize engine version: 2021.3.22f1 (b6c551784ba3)
[Subsystems] Discovering subsystems at path D:/Unity/2021.3.22f1/Editor/Data/Resources/UnitySubsystems
[Subsystems] Discovering subsystems at path D:/UnityProject/Zombie/Zombie/Assets
GfxDevice: creating device client; threaded=0; jobified=0
Direct3D:
    Version:  Direct3D 11.0 [level 11.1]
    Renderer: NVIDIA GeForce GTX 1060 3GB (ID=0x1c02)
    Vendor:   NVIDIA
    VRAM:     2979 MB
    Driver:   31.0.15.3203
Initialize mono
Mono path[0] = 'D:/Unity/2021.3.22f1/Editor/Data/Managed'
Mono path[1] = 'D:/Unity/2021.3.22f1/Editor/Data/MonoBleedingEdge/lib/mono/unityjit-win32'
Mono config path = 'D:/Unity/2021.3.22f1/Editor/Data/MonoBleedingEdge/etc'
Using monoOptions --debugger-agent=transport=dt_socket,embedding=1,server=y,suspend=n,address=127.0.0.1:56540
Begin MonoManager ReloadAssembly
Registering precompiled unity dll's ...
Register platform support module: D:/Unity/2021.3.22f1/Editor/Data/PlaybackEngines/AndroidPlayer/UnityEditor.Android.Extensions.dll
Register platform support module: D:/Unity/2021.3.22f1/Editor/Data/PlaybackEngines/WindowsStandaloneSupport/UnityEditor.WindowsStandalone.Extensions.dll
Registered in 0.003546 seconds.
Native extension for WindowsStandalone target not found
Native extension for Android target not found
Android Extension - Scanning For ADB Devices 525 ms
Refreshing native plugins compatible for Editor in 110.71 ms, found 3 plugins.
Preloading 0 native plugins for Editor in 0.00 ms.
Mono: successfully reloaded assembly
- Completed reload, in  1.278 seconds
Domain Reload Profiling:
	ReloadAssembly (1279ms)
		BeginReloadAssembly (92ms)
			ExecutionOrderSort (0ms)
			DisableScriptedObjects (0ms)
			BackupInstance (0ms)
			ReleaseScriptingObjects (0ms)
			CreateAndSetChildDomain (1ms)
		EndReloadAssembly (1084ms)
			LoadAssemblies (92ms)
			RebuildTransferFunctionScriptingTraits (0ms)
			SetupTypeCache (131ms)
			ReleaseScriptCaches (0ms)
			RebuildScriptCaches (34ms)
			SetupLoadedEditorAssemblies (860ms)
				LogAssemblyErrors (0ms)
				InitializePlatformSupportModulesInManaged (597ms)
				SetLoadedEditorAssemblies (0ms)
				RefreshPlugins (111ms)
				BeforeProcessingInitializeOnLoad (1ms)
				ProcessInitializeOnLoadAttributes (100ms)
				ProcessInitializeOnLoadMethodAttributes (50ms)
				AfterProcessingInitializeOnLoad (0ms)
				EditorAssembliesLoaded (0ms)
			ExecutionOrderSort2 (0ms)
			AwakeInstancesAfterBackupRestoration (0ms)
Platform modules already initialized, skipping
Registering precompiled user dll's ...
Registered in 0.005299 seconds.
Begin MonoManager ReloadAssembly
Symbol file LoadedFromMemory doesn't match image D:\UnityProject\Zombie\Zombie\Library\PackageCache\com.unity.visualscripting@1.8.0\Editor\VisualScripting.Core\Dependencies\YamlDotNet\Unity.VisualScripting.YamlDotNet.dll
Symbol file LoadedFromMemory doesn't match image D:\UnityProject\Zombie\Zombie\Library\PackageCache\com.unity.visualscripting@1.8.0\Editor\VisualScripting.Core\Dependencies\DotNetZip\Unity.VisualScripting.IonicZip.dll
Native extension for WindowsStandalone target not found
Native extension for Android target not found
Refreshing native plugins compatible for Editor in 0.86 ms, found 3 plugins.
Preloading 0 native plugins for Editor in 0.00 ms.
Mono: successfully reloaded assembly
- Completed reload, in  2.383 seconds
Domain Reload Profiling:
	ReloadAssembly (2384ms)
		BeginReloadAssembly (1267ms)
			ExecutionOrderSort (0ms)
			DisableScriptedObjects (7ms)
			BackupInstance (0ms)
			ReleaseScriptingObjects (0ms)
			CreateAndSetChildDomain (22ms)
		EndReloadAssembly (1001ms)
			LoadAssemblies (1239ms)
			RebuildTransferFunctionScriptingTraits (0ms)
			SetupTypeCache (344ms)
			ReleaseScriptCaches (1ms)
			RebuildScriptCaches (65ms)
			SetupLoadedEditorAssemblies (447ms)
				LogAssemblyErrors (0ms)
				InitializePlatformSupportModulesInManaged (21ms)
				SetLoadedEditorAssemblies (1ms)
				RefreshPlugins (1ms)
				BeforeProcessingInitializeOnLoad (108ms)
				ProcessInitializeOnLoadAttributes (286ms)
				ProcessInitializeOnLoadMethodAttributes (26ms)
				AfterProcessingInitializeOnLoad (4ms)
				EditorAssembliesLoaded (0ms)
			ExecutionOrderSort2 (0ms)
			AwakeInstancesAfterBackupRestoration (9ms)
Platform modules already initialized, skipping
========================================================================
Worker process is ready to serve import requests
Launched and connected shader compiler UnityShaderCompiler.exe after 0.08 seconds
Refreshing native plugins compatible for Editor in 0.87 ms, found 3 plugins.
Preloading 0 native plugins for Editor in 0.00 ms.
Unloading 3339 Unused Serialized files (Serialized files now loaded: 0)
Unloading 49 unused Assets / (1.4 MB). Loaded Objects now: 3791.
Memory consumption went from 202.1 MB to 200.7 MB.
Total: 3.205100 ms (FindLiveObjects: 0.273900 ms CreateObjectMapping: 0.203200 ms MarkObjects: 2.445100 ms  DeleteObjects: 0.282000 ms)

AssetImportParameters requested are different than current active one (requested -> active):
  custom:video-decoder-ogg-theora: a1e56fd34408186e4bbccfd4996cb3dc -> 
  custom:container-muxer-webm: aa71ff27fc2769a1b78a27578f13a17b -> 
  custom:container-demuxer-webm: 4f35f7cbe854078d1ac9338744f61a02 -> 
  custom:video-encoder-webm-vp8: eb34c28f22e8b96e1ab97ce403110664 -> 
  custom:audio-encoder-webm-vorbis: bf7c407c2cedff20999df2af8eb42d56 -> 
  custom:framework-win-MediaFoundation: 216162199b28c13a410421893ffa2e32 -> 
  custom:container-demuxer-ogg: 62fdf1f143b41e24485cea50d1cbac27 -> 
  custom:video-decoder-webm-vp8: 9c59270c3fd7afecdb556c50c9e8de78 -> 
  custom:audio-decoder-ogg-vorbis: bf7c407c2cedff20999df2af8eb42d56 -> 
========================================================================
Received Import Request.
  Time since last request: 1034998.705382 seconds.
  path: Assets/05.Animations/Humanoid Idle.anim
  artifactKey: Guid(357382166fc6bfb41b6c0367cd4df8a1) Importer(815301076,1909f56bfc062723c751e8b465ee728b)
Start importing Assets/05.Animations/Humanoid Idle.anim using Guid(357382166fc6bfb41b6c0367cd4df8a1) Importer(815301076,1909f56bfc062723c751e8b465ee728b)  -> (artifact id: 'f6cdb523f3ed814aae4da3f37526200b') in 0.124875 seconds 
========================================================================
Received Import Request.
  Time since last request: 93.285260 seconds.
  path: Assets/02.Prefabs/AmmoPack.prefab
  artifactKey: Guid(c90bf41c504e541b98989b07b736097c) Importer(815301076,1909f56bfc062723c751e8b465ee728b)
Start importing Assets/02.Prefabs/AmmoPack.prefab using Guid(c90bf41c504e541b98989b07b736097c) Importer(815301076,1909f56bfc062723c751e8b465ee728b)  -> (artifact id: '98e126a34fab4a302f3fae3aaf8b17ce') in 0.377607 seconds 
========================================================================
Received Import Request.
  Time since last request: 0.000025 seconds.
  path: Assets/03.Models/Level Art/bench.fbx
  artifactKey: Guid(5b77a2cb0406e3f4d8346d7942a15177) Importer(815301076,1909f56bfc062723c751e8b465ee728b)
Start importing Assets/03.Models/Level Art/bench.fbx using Guid(5b77a2cb0406e3f4d8346d7942a15177) Importer(815301076,1909f56bfc062723c751e8b465ee728b)  -> (artifact id: 'b6969c9c87a4c34ef297124281cc3ba7') in 0.096881 seconds 
========================================================================
Received Import Request.
  Time since last request: 0.000037 seconds.
  path: Assets/03.Models/Level Art/coffin.fbx
  artifactKey: Guid(ec3dad5b4f3763542be46c2033e7df4a) Importer(815301076,1909f56bfc062723c751e8b465ee728b)
Start importing Assets/03.Models/Level Art/coffin.fbx using Guid(ec3dad5b4f3763542be46c2033e7df4a) Importer(815301076,1909f56bfc062723c751e8b465ee728b)  -> (artifact id: 'aaac4d3821eb04d964a5e553f3d61cdd') in 0.029216 seconds 
========================================================================
Received Import Request.
  Time since last request: 0.000019 seconds.
  path: Assets/02.Prefabs/Coin.prefab
  artifactKey: Guid(4229c84aca58549a586e9bb7aaae97c4) Importer(815301076,1909f56bfc062723c751e8b465ee728b)
Start importing Assets/02.Prefabs/Coin.prefab using Guid(4229c84aca58549a586e9bb7aaae97c4) Importer(815301076,1909f56bfc062723c751e8b465ee728b)  -> (artifact id: '7ae0e5a034b8fbb49380f41860776c10') in 0.012736 seconds 
========================================================================
Received Import Request.
  Time since last request: 0.000019 seconds.
  path: Assets/02.Prefabs/BloodSprayEffect.prefab
  artifactKey: Guid(da33d2f1d5c4b41689d8063e19e3a7dc) Importer(815301076,1909f56bfc062723c751e8b465ee728b)
Start importing Assets/02.Prefabs/BloodSprayEffect.prefab using Guid(da33d2f1d5c4b41689d8063e19e3a7dc) Importer(815301076,1909f56bfc062723c751e8b465ee728b)  -> (artifact id: '9becd0b9af3272071fc9c5275f3cc6a1') in 0.366138 seconds 
========================================================================
Received Import Request.
  Time since last request: 0.000039 seconds.
  path: Assets/03.Models/Level Art/fenceStone.fbx
  artifactKey: Guid(64d7a7ae5b3cb1a46afdc8fa2eea424c) Importer(815301076,1909f56bfc062723c751e8b465ee728b)
Start importing Assets/03.Models/Level Art/fenceStone.fbx using Guid(64d7a7ae5b3cb1a46afdc8fa2eea424c) Importer(815301076,1909f56bfc062723c751e8b465ee728b)  -> (artifact id: 'f2cce3c90f30b312d2a84c31485e433d') in 0.025429 seconds 
========================================================================
Received Import Request.
  Time since last request: 0.000030 seconds.
  path: Assets/03.Models/Level Art/fenceIronGate.fbx
  artifactKey: Guid(430eb1a4518907e47b6d7c5534b0ac19) Importer(815301076,1909f56bfc062723c751e8b465ee728b)
Start importing Assets/03.Models/Level Art/fenceIronGate.fbx using Guid(430eb1a4518907e47b6d7c5534b0ac19) Importer(815301076,1909f56bfc062723c751e8b465ee728b)  -> (artifact id: '89a500571e7eac90b476b8bdefdb8271') in 0.030819 seconds 
========================================================================
Received Import Request.
  Time since last request: 0.000027 seconds.
  path: Assets/03.Models/Level Art/fenceIronBorderPillar.fbx
  artifactKey: Guid(3b92048e45df415429b4bb59eb913f85) Importer(815301076,1909f56bfc062723c751e8b465ee728b)
Start importing Assets/03.Models/Level Art/fenceIronBorderPillar.fbx using Guid(3b92048e45df415429b4bb59eb913f85) Importer(815301076,1909f56bfc062723c751e8b465ee728b)  -> (artifact id: '7811e0ddfbfcc4ce416aa7f24eea605a') in 0.087111 seconds 
========================================================================
Received Import Request.
  Time since last request: 0.054888 seconds.
  path: Assets/03.Models/Level Art/gravestoneBevel.fbx
  artifactKey: Guid(a7756b141727afb46994a3d0f3c98b59) Importer(815301076,1909f56bfc062723c751e8b465ee728b)
Start importing Assets/03.Models/Level Art/gravestoneBevel.fbx using Guid(a7756b141727afb46994a3d0f3c98b59) Importer(815301076,1909f56bfc062723c751e8b465ee728b)  -> (artifact id: '9a95417f4fc0efe07c66883a4e5dabf3') in 0.014959 seconds 
========================================================================
Received Import Request.
  Time since last request: 0.000021 seconds.
  path: Assets/03.Models/Level Art/gravestoneBroken.fbx
  artifactKey: Guid(7894177ae03f8de49ba5c46fd331b9ca) Importer(815301076,1909f56bfc062723c751e8b465ee728b)
Start importing Assets/03.Models/Level Art/gravestoneBroken.fbx using Guid(7894177ae03f8de49ba5c46fd331b9ca) Importer(815301076,1909f56bfc062723c751e8b465ee728b)  -> (artifact id: 'b31c1f1d44f64a639c18ef49943c616e') in 0.016651 seconds 
========================================================================
Received Import Request.
  Time since last request: 0.015296 seconds.
  path: Assets/03.Models/Level Art/gravestoneDebris.fbx
  artifactKey: Guid(e5c0ba2f300327f4f8d761f7284d39d2) Importer(815301076,1909f56bfc062723c751e8b465ee728b)
Start importing Assets/03.Models/Level Art/gravestoneDebris.fbx using Guid(e5c0ba2f300327f4f8d761f7284d39d2) Importer(815301076,1909f56bfc062723c751e8b465ee728b)  -> (artifact id: 'f9540aed8d5c565fcdde92d2d1f038d1') in 0.031005 seconds 
========================================================================
Received Import Request.
  Time since last request: 0.000022 seconds.
  path: Assets/03.Models/Level Art/gravestoneDecorative.fbx
  artifactKey: Guid(e1ccc340231b1e945b3cbeb2ada3a02e) Importer(815301076,1909f56bfc062723c751e8b465ee728b)
Start importing Assets/03.Models/Level Art/gravestoneDecorative.fbx using Guid(e1ccc340231b1e945b3cbeb2ada3a02e) Importer(815301076,1909f56bfc062723c751e8b465ee728b)  -> (artifact id: 'd5afa82db66e3d6e76c10183c4ee3769') in 0.034315 seconds 
========================================================================
Received Import Request.
  Time since last request: 0.120248 seconds.
  path: Assets/03.Models/Level Art/gravestoneRoof.fbx
  artifactKey: Guid(3eb52f64571dcc6458da9f516a2486e3) Importer(815301076,1909f56bfc062723c751e8b465ee728b)
Start importing Assets/03.Models/Level Art/gravestoneRoof.fbx using Guid(3eb52f64571dcc6458da9f516a2486e3) Importer(815301076,1909f56bfc062723c751e8b465ee728b)  -> (artifact id: 'd8a9d2e2217fe10b3d70aa50c742b59b') in 0.019667 seconds 
========================================================================
Received Import Request.
  Time since last request: 0.000022 seconds.
  path: Assets/03.Models/Level Art/gravestoneWide.fbx
  artifactKey: Guid(d904ab7766677954586177fad262727a) Importer(815301076,1909f56bfc062723c751e8b465ee728b)
Start importing Assets/03.Models/Level Art/gravestoneWide.fbx using Guid(d904ab7766677954586177fad262727a) Importer(815301076,1909f56bfc062723c751e8b465ee728b)  -> (artifact id: '07549e6ec8a774f4ea418ad8dc86456c') in 0.029323 seconds 
========================================================================
Received Import Request.
  Time since last request: 0.000021 seconds.
  path: Assets/02.Prefabs/Gun.prefab
  artifactKey: Guid(13259943c4d634186ac994d570bb3253) Importer(815301076,1909f56bfc062723c751e8b465ee728b)
Start importing Assets/02.Prefabs/Gun.prefab using Guid(13259943c4d634186ac994d570bb3253) Importer(815301076,1909f56bfc062723c751e8b465ee728b)  -> (artifact id: 'cfcb7d11bd74778e8a8cdcf7d719a97d') in 0.027905 seconds 
========================================================================
Received Import Request.
  Time since last request: 0.114832 seconds.
  path: Assets/02.Prefabs/HUD Canvas.prefab
  artifactKey: Guid(63226789a2ac34fec8493b064c47bd44) Importer(815301076,1909f56bfc062723c751e8b465ee728b)
Start importing Assets/02.Prefabs/HUD Canvas.prefab using Guid(63226789a2ac34fec8493b064c47bd44) Importer(815301076,1909f56bfc062723c751e8b465ee728b)  -> (artifact id: '9c44d369eca16d272166bc1f2e28b8f3') in 0.053448 seconds 
========================================================================
Received Import Request.
  Time since last request: 0.000020 seconds.
  path: Assets/03.Models/Level Art/lanternSingle.fbx
  artifactKey: Guid(b7383b0bef248624295745f3e1b98688) Importer(815301076,1909f56bfc062723c751e8b465ee728b)
Start importing Assets/03.Models/Level Art/lanternSingle.fbx using Guid(b7383b0bef248624295745f3e1b98688) Importer(815301076,1909f56bfc062723c751e8b465ee728b)  -> (artifact id: 'e3822162c94830aad55e1ed89e164055') in 0.047266 seconds 
========================================================================
Received Import Request.
  Time since last request: 0.000024 seconds.
  path: Assets/03.Models/Level Art/lanternDouble.fbx
  artifactKey: Guid(58bcc37c0606832498edb1579dd6fe08) Importer(815301076,1909f56bfc062723c751e8b465ee728b)
Start importing Assets/03.Models/Level Art/lanternDouble.fbx using Guid(58bcc37c0606832498edb1579dd6fe08) Importer(815301076,1909f56bfc062723c751e8b465ee728b)  -> (artifact id: '59e5fbf2f2d23448f77962cf2ea20efe') in 0.015862 seconds 
========================================================================
Received Import Request.
  Time since last request: 0.000022 seconds.
  path: Assets/03.Models/Level Art/pillarObelisk.fbx
  artifactKey: Guid(9d32b2c3211754741be04e77b1f7e1f1) Importer(815301076,1909f56bfc062723c751e8b465ee728b)
Start importing Assets/03.Models/Level Art/pillarObelisk.fbx using Guid(9d32b2c3211754741be04e77b1f7e1f1) Importer(815301076,1909f56bfc062723c751e8b465ee728b)  -> (artifact id: '2fc475ce5afd51267f19d6414da9f8e4') in 0.016391 seconds 
========================================================================
Received Import Request.
  Time since last request: 0.000021 seconds.
  path: Assets/03.Models/Level Art/lanternGlass.fbx
  artifactKey: Guid(3969d7ae47950ec44bfa01d1b097a673) Importer(815301076,1909f56bfc062723c751e8b465ee728b)
Start importing Assets/03.Models/Level Art/lanternGlass.fbx using Guid(3969d7ae47950ec44bfa01d1b097a673) Importer(815301076,1909f56bfc062723c751e8b465ee728b)  -> (artifact id: '2c5e3d330507ca99ccf911ab3b5367d7') in 0.026362 seconds 
========================================================================
Received Import Request.
  Time since last request: 0.000018 seconds.
  path: Assets/02.Prefabs/Level Art.prefab
  artifactKey: Guid(49b04053ea2dc49ae8eae12418134ef1) Importer(815301076,1909f56bfc062723c751e8b465ee728b)
Start importing Assets/02.Prefabs/Level Art.prefab using Guid(49b04053ea2dc49ae8eae12418134ef1) Importer(815301076,1909f56bfc062723c751e8b465ee728b)  -> (artifact id: '8593dc04d52d61a3fec220848c5c702e') in 2.098367 seconds 
