Using pre-set license
Built from '2021.3/staging' branch; Version is '2021.3.22f1 (b6c551784ba3) revision 11978065'; Using compiler version '192829333'; Build Type 'Release'
OS: 'Windows 10  (10.0.19045) 64bit Professional' Language: 'ko' Physical Memory: 16266 MB
BatchMode: 1, IsHumanControllingUs: 0, StartBugReporterOnCrash: 0, Is64bit: 1, IsPro: 1

COMMAND LINE ARGUMENTS:
D:\Unity\2021.3.22f1\Editor\Unity.exe
-adb2
-batchMode
-noUpm
-name
AssetImportWorker0
-projectPath
D:/UnityProject/Zombie/Zombie
-logFile
Logs/AssetImportWorker0.log
-srvPort
53920
Successfully changed project path to: D:/UnityProject/Zombie/Zombie
D:/UnityProject/Zombie/Zombie
[UnityMemory] Configuration Parameters - Can be set up in boot.config
    "memorysetup-bucket-allocator-granularity=16"
    "memorysetup-bucket-allocator-bucket-count=8"
    "memorysetup-bucket-allocator-block-size=33554432"
    "memorysetup-bucket-allocator-block-count=8"
    "memorysetup-main-allocator-block-size=16777216"
    "memorysetup-thread-allocator-block-size=16777216"
    "memorysetup-gfx-main-allocator-block-size=16777216"
    "memorysetup-gfx-thread-allocator-block-size=16777216"
    "memorysetup-cache-allocator-block-size=4194304"
    "memorysetup-typetree-allocator-block-size=2097152"
    "memorysetup-profiler-bucket-allocator-granularity=16"
    "memorysetup-profiler-bucket-allocator-bucket-count=8"
    "memorysetup-profiler-bucket-allocator-block-size=33554432"
    "memorysetup-profiler-bucket-allocator-block-count=8"
    "memorysetup-profiler-allocator-block-size=16777216"
    "memorysetup-profiler-editor-allocator-block-size=1048576"
    "memorysetup-temp-allocator-size-main=16777216"
    "memorysetup-job-temp-allocator-block-size=2097152"
    "memorysetup-job-temp-allocator-block-size-background=1048576"
    "memorysetup-job-temp-allocator-reduction-small-platforms=262144"
    "memorysetup-temp-allocator-size-background-worker=32768"
    "memorysetup-temp-allocator-size-job-worker=262144"
    "memorysetup-temp-allocator-size-preload-manager=33554432"
    "memorysetup-temp-allocator-size-nav-mesh-worker=65536"
    "memorysetup-temp-allocator-size-audio-worker=65536"
    "memorysetup-temp-allocator-size-cloud-worker=32768"
    "memorysetup-temp-allocator-size-gi-baking-worker=262144"
    "memorysetup-temp-allocator-size-gfx=262144"
Player connection [5464] Host "[IP] 192.168.0.48 [Port] 0 [Flags] 2 [Guid] 3097416357 [EditorId] 3097416357 [Version] 1048832 [Id] WindowsEditor(7,301-07) [Debug] 1 [PackageName] WindowsEditor [ProjectName] Editor" joined multi-casting on [225.0.0.222:54997]...

Player connection [5464] Host "[IP] 192.168.0.48 [Port] 0 [Flags] 2 [Guid] 3097416357 [EditorId] 3097416357 [Version] 1048832 [Id] WindowsEditor(7,301-07) [Debug] 1 [PackageName] WindowsEditor [ProjectName] Editor" joined alternative multi-casting on [225.0.0.222:34997]...

Refreshing native plugins compatible for Editor in 109.45 ms, found 3 plugins.
Preloading 0 native plugins for Editor in 0.00 ms.
Initialize engine version: 2021.3.22f1 (b6c551784ba3)
[Subsystems] Discovering subsystems at path D:/Unity/2021.3.22f1/Editor/Data/Resources/UnitySubsystems
[Subsystems] Discovering subsystems at path D:/UnityProject/Zombie/Zombie/Assets
GfxDevice: creating device client; threaded=0; jobified=0
Direct3D:
    Version:  Direct3D 11.0 [level 11.1]
    Renderer: NVIDIA GeForce GTX 1060 3GB (ID=0x1c02)
    Vendor:   NVIDIA
    VRAM:     2979 MB
    Driver:   31.0.15.3203
Initialize mono
Mono path[0] = 'D:/Unity/2021.3.22f1/Editor/Data/Managed'
Mono path[1] = 'D:/Unity/2021.3.22f1/Editor/Data/MonoBleedingEdge/lib/mono/unityjit-win32'
Mono config path = 'D:/Unity/2021.3.22f1/Editor/Data/MonoBleedingEdge/etc'
Using monoOptions --debugger-agent=transport=dt_socket,embedding=1,server=y,suspend=n,address=127.0.0.1:56372
Begin MonoManager ReloadAssembly
Registering precompiled unity dll's ...
Register platform support module: D:/Unity/2021.3.22f1/Editor/Data/PlaybackEngines/AndroidPlayer/UnityEditor.Android.Extensions.dll
Register platform support module: D:/Unity/2021.3.22f1/Editor/Data/PlaybackEngines/WindowsStandaloneSupport/UnityEditor.WindowsStandalone.Extensions.dll
Registered in 0.003280 seconds.
Native extension for WindowsStandalone target not found
Native extension for Android target not found
Android Extension - Scanning For ADB Devices 514 ms
Refreshing native plugins compatible for Editor in 109.65 ms, found 3 plugins.
Preloading 0 native plugins for Editor in 0.00 ms.
Mono: successfully reloaded assembly
- Completed reload, in  1.284 seconds
Domain Reload Profiling:
	ReloadAssembly (1285ms)
		BeginReloadAssembly (90ms)
			ExecutionOrderSort (0ms)
			DisableScriptedObjects (0ms)
			BackupInstance (0ms)
			ReleaseScriptingObjects (0ms)
			CreateAndSetChildDomain (1ms)
		EndReloadAssembly (1094ms)
			LoadAssemblies (89ms)
			RebuildTransferFunctionScriptingTraits (0ms)
			SetupTypeCache (136ms)
			ReleaseScriptCaches (0ms)
			RebuildScriptCaches (38ms)
			SetupLoadedEditorAssemblies (865ms)
				LogAssemblyErrors (0ms)
				InitializePlatformSupportModulesInManaged (587ms)
				SetLoadedEditorAssemblies (0ms)
				RefreshPlugins (116ms)
				BeforeProcessingInitializeOnLoad (1ms)
				ProcessInitializeOnLoadAttributes (102ms)
				ProcessInitializeOnLoadMethodAttributes (58ms)
				AfterProcessingInitializeOnLoad (0ms)
				EditorAssembliesLoaded (0ms)
			ExecutionOrderSort2 (0ms)
			AwakeInstancesAfterBackupRestoration (0ms)
Platform modules already initialized, skipping
Registering precompiled user dll's ...
Registered in 0.005383 seconds.
Begin MonoManager ReloadAssembly
Symbol file LoadedFromMemory doesn't match image D:\UnityProject\Zombie\Zombie\Library\PackageCache\com.unity.visualscripting@1.8.0\Editor\VisualScripting.Core\Dependencies\YamlDotNet\Unity.VisualScripting.YamlDotNet.dll
Symbol file LoadedFromMemory doesn't match image D:\UnityProject\Zombie\Zombie\Library\PackageCache\com.unity.visualscripting@1.8.0\Editor\VisualScripting.Core\Dependencies\DotNetZip\Unity.VisualScripting.IonicZip.dll
Native extension for WindowsStandalone target not found
Native extension for Android target not found
Refreshing native plugins compatible for Editor in 0.82 ms, found 3 plugins.
Preloading 0 native plugins for Editor in 0.00 ms.
Mono: successfully reloaded assembly
- Completed reload, in  2.381 seconds
Domain Reload Profiling:
	ReloadAssembly (2382ms)
		BeginReloadAssembly (1265ms)
			ExecutionOrderSort (0ms)
			DisableScriptedObjects (6ms)
			BackupInstance (0ms)
			ReleaseScriptingObjects (0ms)
			CreateAndSetChildDomain (22ms)
		EndReloadAssembly (995ms)
			LoadAssemblies (1234ms)
			RebuildTransferFunctionScriptingTraits (0ms)
			SetupTypeCache (346ms)
			ReleaseScriptCaches (1ms)
			RebuildScriptCaches (64ms)
			SetupLoadedEditorAssemblies (442ms)
				LogAssemblyErrors (0ms)
				InitializePlatformSupportModulesInManaged (20ms)
				SetLoadedEditorAssemblies (1ms)
				RefreshPlugins (1ms)
				BeforeProcessingInitializeOnLoad (106ms)
				ProcessInitializeOnLoadAttributes (281ms)
				ProcessInitializeOnLoadMethodAttributes (30ms)
				AfterProcessingInitializeOnLoad (3ms)
				EditorAssembliesLoaded (0ms)
			ExecutionOrderSort2 (0ms)
			AwakeInstancesAfterBackupRestoration (10ms)
Platform modules already initialized, skipping
========================================================================
Worker process is ready to serve import requests
Launched and connected shader compiler UnityShaderCompiler.exe after 0.05 seconds
Refreshing native plugins compatible for Editor in 0.94 ms, found 3 plugins.
Preloading 0 native plugins for Editor in 0.00 ms.
Unloading 3339 Unused Serialized files (Serialized files now loaded: 0)
Unloading 49 unused Assets / (1.4 MB). Loaded Objects now: 3791.
Memory consumption went from 202.1 MB to 200.7 MB.
Total: 4.009200 ms (FindLiveObjects: 0.401800 ms CreateObjectMapping: 0.303700 ms MarkObjects: 3.008600 ms  DeleteObjects: 0.294100 ms)

AssetImportParameters requested are different than current active one (requested -> active):
  custom:video-decoder-ogg-theora: a1e56fd34408186e4bbccfd4996cb3dc -> 
  custom:container-muxer-webm: aa71ff27fc2769a1b78a27578f13a17b -> 
  custom:container-demuxer-webm: 4f35f7cbe854078d1ac9338744f61a02 -> 
  custom:video-encoder-webm-vp8: eb34c28f22e8b96e1ab97ce403110664 -> 
  custom:audio-encoder-webm-vorbis: bf7c407c2cedff20999df2af8eb42d56 -> 
  custom:framework-win-MediaFoundation: 216162199b28c13a410421893ffa2e32 -> 
  custom:container-demuxer-ogg: 62fdf1f143b41e24485cea50d1cbac27 -> 
  custom:video-decoder-webm-vp8: 9c59270c3fd7afecdb556c50c9e8de78 -> 
  custom:audio-decoder-ogg-vorbis: bf7c407c2cedff20999df2af8eb42d56 -> 
========================================================================
Received Import Request.
  Time since last request: 1034998.691887 seconds.
  path: Assets/05.Animations/Humanoid Run.anim
  artifactKey: Guid(5e4ae6245765bc043bb0769f060ac73c) Importer(815301076,1909f56bfc062723c751e8b465ee728b)
Start importing Assets/05.Animations/Humanoid Run.anim using Guid(5e4ae6245765bc043bb0769f060ac73c) Importer(815301076,1909f56bfc062723c751e8b465ee728b)  -> (artifact id: 'a55ae10b3c7d4d77b99479225746ee6f') in 0.136907 seconds 
========================================================================
Received Import Request.
  Time since last request: 93.285081 seconds.
  path: Assets/03.Models/Ammo.fbx
  artifactKey: Guid(978776c6b3edc164ba82de2b742a4fbe) Importer(815301076,1909f56bfc062723c751e8b465ee728b)
Start importing Assets/03.Models/Ammo.fbx using Guid(978776c6b3edc164ba82de2b742a4fbe) Importer(815301076,1909f56bfc062723c751e8b465ee728b)  -> (artifact id: 'd0e2dcca6af5846876ce079c244265e3') in 0.453453 seconds 
========================================================================
Received Import Request.
  Time since last request: 0.000036 seconds.
  path: Assets/03.Models/Coin.fbx
  artifactKey: Guid(06b984149946d44da919e9a66bcbe4d9) Importer(815301076,1909f56bfc062723c751e8b465ee728b)
Start importing Assets/03.Models/Coin.fbx using Guid(06b984149946d44da919e9a66bcbe4d9) Importer(815301076,1909f56bfc062723c751e8b465ee728b)  -> (artifact id: '7241c1e02916f0eba43b8128536eadba') in 0.058998 seconds 
========================================================================
Received Import Request.
  Time since last request: 0.000031 seconds.
  path: Assets/03.Models/Level Art/borderPillar.fbx
  artifactKey: Guid(2bb86db456138ed4e8e44611ad790e8e) Importer(815301076,1909f56bfc062723c751e8b465ee728b)
Start importing Assets/03.Models/Level Art/borderPillar.fbx using Guid(2bb86db456138ed4e8e44611ad790e8e) Importer(815301076,1909f56bfc062723c751e8b465ee728b)  -> (artifact id: '91a1b03e235ee2132c366fc8546a211b') in 0.028026 seconds 
========================================================================
Received Import Request.
  Time since last request: 0.178307 seconds.
  path: Assets/03.Models/Level Art/cross.fbx
  artifactKey: Guid(e8b7835b1b5e4cc4eba40c923085a23b) Importer(815301076,1909f56bfc062723c751e8b465ee728b)
Start importing Assets/03.Models/Level Art/cross.fbx using Guid(e8b7835b1b5e4cc4eba40c923085a23b) Importer(815301076,1909f56bfc062723c751e8b465ee728b)  -> (artifact id: '661c682bf0ff34abbe647e6fbd47d4b1') in 0.023296 seconds 
========================================================================
Received Import Request.
  Time since last request: 0.000016 seconds.
  path: Assets/03.Models/Level Art/fenceIron.fbx
  artifactKey: Guid(4489514464f1d524585fb237a498b1a4) Importer(815301076,1909f56bfc062723c751e8b465ee728b)
Start importing Assets/03.Models/Level Art/fenceIron.fbx using Guid(4489514464f1d524585fb237a498b1a4) Importer(815301076,1909f56bfc062723c751e8b465ee728b)  -> (artifact id: '15f6e4f899ad8d25b52504b599ba7d75') in 0.100563 seconds 
========================================================================
Received Import Request.
  Time since last request: 0.000018 seconds.
  path: Assets/03.Models/Level Art/debris.fbx
  artifactKey: Guid(a1264b7d795ad364ea9d20ac3d27bfaf) Importer(815301076,1909f56bfc062723c751e8b465ee728b)
Start importing Assets/03.Models/Level Art/debris.fbx using Guid(a1264b7d795ad364ea9d20ac3d27bfaf) Importer(815301076,1909f56bfc062723c751e8b465ee728b)  -> (artifact id: 'd720cbf07406d6c2bd414904d84bfbfe') in 0.016693 seconds 
========================================================================
Received Import Request.
  Time since last request: 0.000018 seconds.
  path: Assets/03.Models/Level Art/fenceBroken.fbx
  artifactKey: Guid(f89648002b770d246908f89efbab5efe) Importer(815301076,1909f56bfc062723c751e8b465ee728b)
Start importing Assets/03.Models/Level Art/fenceBroken.fbx using Guid(f89648002b770d246908f89efbab5efe) Importer(815301076,1909f56bfc062723c751e8b465ee728b)  -> (artifact id: 'a1d8c0f9a0279874d9c174be39445e10') in 0.034316 seconds 
========================================================================
Received Import Request.
  Time since last request: 0.000096 seconds.
  path: Assets/03.Models/Level Art/fence.fbx
  artifactKey: Guid(ff49343d51d2ae44fa1106075f00e721) Importer(815301076,1909f56bfc062723c751e8b465ee728b)
Start importing Assets/03.Models/Level Art/fence.fbx using Guid(ff49343d51d2ae44fa1106075f00e721) Importer(815301076,1909f56bfc062723c751e8b465ee728b)  -> (artifact id: 'b7530269d783fc86e497e50d23a0031d') in 0.027889 seconds 
========================================================================
Received Import Request.
  Time since last request: 0.000034 seconds.
  path: Assets/03.Models/Level Art/crypt.fbx
  artifactKey: Guid(d9b23c7e2fbe97b40a97d1b7881e9833) Importer(815301076,1909f56bfc062723c751e8b465ee728b)
Start importing Assets/03.Models/Level Art/crypt.fbx using Guid(d9b23c7e2fbe97b40a97d1b7881e9833) Importer(815301076,1909f56bfc062723c751e8b465ee728b)  -> (artifact id: 'ae98f94cf1b269d67f45e5686af02f64') in 0.018547 seconds 
========================================================================
Received Import Request.
  Time since last request: 0.000029 seconds.
  path: Assets/03.Models/Level Art/fenceIronBorder.fbx
  artifactKey: Guid(a63b49226ab815941ab7641e40d48ad6) Importer(815301076,1909f56bfc062723c751e8b465ee728b)
Start importing Assets/03.Models/Level Art/fenceIronBorder.fbx using Guid(a63b49226ab815941ab7641e40d48ad6) Importer(815301076,1909f56bfc062723c751e8b465ee728b)  -> (artifact id: '3e56a1d34374072a38474e645bbf0c51') in 0.090997 seconds 
========================================================================
Received Import Request.
  Time since last request: 0.042972 seconds.
  path: Assets/03.Models/Level Art/grave.fbx
  artifactKey: Guid(6a9f3cc0f5b86c24196a62d8073b40c6) Importer(815301076,1909f56bfc062723c751e8b465ee728b)
Start importing Assets/03.Models/Level Art/grave.fbx using Guid(6a9f3cc0f5b86c24196a62d8073b40c6) Importer(815301076,1909f56bfc062723c751e8b465ee728b)  -> (artifact id: '583c33e210f6405fa2849991163eb191') in 0.014594 seconds 
========================================================================
Received Import Request.
  Time since last request: 0.000017 seconds.
  path: Assets/03.Models/Level Art/gravestoneCross.fbx
  artifactKey: Guid(609a3da0ed2cb6e4ebbd5f142e868f14) Importer(815301076,1909f56bfc062723c751e8b465ee728b)
Start importing Assets/03.Models/Level Art/gravestoneCross.fbx using Guid(609a3da0ed2cb6e4ebbd5f142e868f14) Importer(815301076,1909f56bfc062723c751e8b465ee728b)  -> (artifact id: '0477a9b2040d292595361d8a1f1a833a') in 0.016749 seconds 
========================================================================
Received Import Request.
  Time since last request: 0.015192 seconds.
  path: Assets/03.Models/Level Art/gravestoneCrossLarge.fbx
  artifactKey: Guid(36bd0a8f119004146bec6ffe13af2bd9) Importer(815301076,1909f56bfc062723c751e8b465ee728b)
Start importing Assets/03.Models/Level Art/gravestoneCrossLarge.fbx using Guid(36bd0a8f119004146bec6ffe13af2bd9) Importer(815301076,1909f56bfc062723c751e8b465ee728b)  -> (artifact id: '4e26c5e717cf7c225b970689f2fca418') in 0.031907 seconds 
========================================================================
Received Import Request.
  Time since last request: 0.000025 seconds.
  path: Assets/03.Models/Level Art/gravestoneFlat.fbx
  artifactKey: Guid(c2ece63211b6b9e438a5e759e014d82a) Importer(815301076,1909f56bfc062723c751e8b465ee728b)
Start importing Assets/03.Models/Level Art/gravestoneFlat.fbx using Guid(c2ece63211b6b9e438a5e759e014d82a) Importer(815301076,1909f56bfc062723c751e8b465ee728b)  -> (artifact id: '1ab686d00e16ed2bc3db2af3eeb1cf61') in 0.019333 seconds 
========================================================================
Received Import Request.
  Time since last request: 0.133838 seconds.
  path: Assets/03.Models/Level Art/gravestoneFlatOpen.fbx
  artifactKey: Guid(94462e26d9ad4164caf7ef44604913e4) Importer(815301076,1909f56bfc062723c751e8b465ee728b)
Start importing Assets/03.Models/Level Art/gravestoneFlatOpen.fbx using Guid(94462e26d9ad4164caf7ef44604913e4) Importer(815301076,1909f56bfc062723c751e8b465ee728b)  -> (artifact id: 'c84c0fe2e44120c14db615810cf2b58d') in 0.031381 seconds 
========================================================================
Received Import Request.
  Time since last request: 0.000024 seconds.
  path: Assets/02.Prefabs/HealthPack.prefab
  artifactKey: Guid(b4e7df10a580e4a1a88a79995b741816) Importer(815301076,1909f56bfc062723c751e8b465ee728b)
Start importing Assets/02.Prefabs/HealthPack.prefab using Guid(b4e7df10a580e4a1a88a79995b741816) Importer(815301076,1909f56bfc062723c751e8b465ee728b)  -> (artifact id: '5bb2ffef00c6f81b4db8045a1c2cd26f') in 0.028499 seconds 
========================================================================
Received Import Request.
  Time since last request: 0.000033 seconds.
  path: Assets/03.Models/Level Art/gravestoneRound.fbx
  artifactKey: Guid(2f56a0cd28c3a0e479fea419de40f74c) Importer(815301076,1909f56bfc062723c751e8b465ee728b)
Start importing Assets/03.Models/Level Art/gravestoneRound.fbx using Guid(2f56a0cd28c3a0e479fea419de40f74c) Importer(815301076,1909f56bfc062723c751e8b465ee728b)  -> (artifact id: '9e59f41c352c9a8ff403d0c8cfa56917') in 0.023729 seconds 
========================================================================
Received Import Request.
  Time since last request: 0.108767 seconds.
  path: Assets/03.Models/Heart.obj
  artifactKey: Guid(07d0c18f46bf64565a33789d47146ee3) Importer(815301076,1909f56bfc062723c751e8b465ee728b)
Start importing Assets/03.Models/Heart.obj using Guid(07d0c18f46bf64565a33789d47146ee3) Importer(815301076,1909f56bfc062723c751e8b465ee728b)  -> (artifact id: '58480ee0bc43191827df8c97f0cf603b') in 0.018257 seconds 
========================================================================
Received Import Request.
  Time since last request: 0.017920 seconds.
  path: Assets/03.Models/Level Art/lanternCandle.fbx
  artifactKey: Guid(43a4b849b8090ef4d8ffbfbb102923b6) Importer(815301076,1909f56bfc062723c751e8b465ee728b)
Start importing Assets/03.Models/Level Art/lanternCandle.fbx using Guid(43a4b849b8090ef4d8ffbfbb102923b6) Importer(815301076,1909f56bfc062723c751e8b465ee728b)  -> (artifact id: '4f941066d0522a43d7a0c1fa7ab540f1') in 0.050380 seconds 
========================================================================
Received Import Request.
  Time since last request: 0.000024 seconds.
  path: Assets/02.Prefabs/ParticlesLight.prefab
  artifactKey: Guid(fa35d75604d172d48b7a6b62a07c7dbf) Importer(815301076,1909f56bfc062723c751e8b465ee728b)
Start importing Assets/02.Prefabs/ParticlesLight.prefab using Guid(fa35d75604d172d48b7a6b62a07c7dbf) Importer(815301076,1909f56bfc062723c751e8b465ee728b)  -> (artifact id: '560d3efa5971ceafa306a3d99be1ada3') in 0.008260 seconds 
========================================================================
Received Import Request.
  Time since last request: 0.000031 seconds.
  path: Assets/02.Prefabs/MuzzleFlashEffect.prefab
  artifactKey: Guid(74d744994bc414c37bfda957f1d57118) Importer(815301076,1909f56bfc062723c751e8b465ee728b)
Start importing Assets/02.Prefabs/MuzzleFlashEffect.prefab using Guid(74d744994bc414c37bfda957f1d57118) Importer(815301076,1909f56bfc062723c751e8b465ee728b)  -> (artifact id: 'edb54d8918f5b7d9adf3a73fe6f71920') in 0.095119 seconds 
========================================================================
Received Import Request.
  Time since last request: 0.042968 seconds.
  path: Assets/03.Models/Level Art/pillarSquare.fbx
  artifactKey: Guid(018d9bb6427bfab49b2dba97c96f9e88) Importer(815301076,1909f56bfc062723c751e8b465ee728b)
Start importing Assets/03.Models/Level Art/pillarSquare.fbx using Guid(018d9bb6427bfab49b2dba97c96f9e88) Importer(815301076,1909f56bfc062723c751e8b465ee728b)  -> (artifact id: '48acb77bb7fb11e25397cc6a0b02c37b') in 0.026960 seconds 
========================================================================
Received Import Request.
  Time since last request: 0.000027 seconds.
  path: Assets/03.Models/Level Art/roadTile_023.fbx
  artifactKey: Guid(f10179b7795770343960297257ddeb28) Importer(815301076,1909f56bfc062723c751e8b465ee728b)
Start importing Assets/03.Models/Level Art/roadTile_023.fbx using Guid(f10179b7795770343960297257ddeb28) Importer(815301076,1909f56bfc062723c751e8b465ee728b)  -> (artifact id: 'ae3781e7b591aab5ba99334d37efa3ef') in 0.036221 seconds 
========================================================================
Received Import Request.
  Time since last request: 0.000017 seconds.
  path: Assets/02.Prefabs/ShellEjectEffect.prefab
  artifactKey: Guid(8e60b325a019543cbb2e3920522a2e6b) Importer(815301076,1909f56bfc062723c751e8b465ee728b)
Start importing Assets/02.Prefabs/ShellEjectEffect.prefab using Guid(8e60b325a019543cbb2e3920522a2e6b) Importer(815301076,1909f56bfc062723c751e8b465ee728b)  -> (artifact id: '7901877ff3675c987e28f3df8fe30a7b') in 0.267325 seconds 
========================================================================
Received Import Request.
  Time since last request: 0.000026 seconds.
  path: Assets/03.Models/Uzi.fbx
  artifactKey: Guid(4dec6109f82d4b6458c6ffabdc1fd749) Importer(815301076,1909f56bfc062723c751e8b465ee728b)
Start importing Assets/03.Models/Uzi.fbx using Guid(4dec6109f82d4b6458c6ffabdc1fd749) Importer(815301076,1909f56bfc062723c751e8b465ee728b)  -> (artifact id: 'f658f89e4b5502549a32ae23e182ba4a') in 0.148360 seconds 
========================================================================
Received Import Request.
  Time since last request: 0.000037 seconds.
  path: Assets/03.Models/Level Art/trunk.fbx
  artifactKey: Guid(f6684beaf24bbe241ac4217c676f1330) Importer(815301076,1909f56bfc062723c751e8b465ee728b)
Start importing Assets/03.Models/Level Art/trunk.fbx using Guid(f6684beaf24bbe241ac4217c676f1330) Importer(815301076,1909f56bfc062723c751e8b465ee728b)  -> (artifact id: '1b5f0e10cfbd5eac31232d4aa7c192fd') in 0.032941 seconds 
========================================================================
Received Import Request.
  Time since last request: 0.000025 seconds.
  path: Assets/03.Models/Zombie.fbx
  artifactKey: Guid(6bc76eedb6629574a83870562bc0c4ee) Importer(815301076,1909f56bfc062723c751e8b465ee728b)
Start importing Assets/03.Models/Zombie.fbx using Guid(6bc76eedb6629574a83870562bc0c4ee) Importer(815301076,1909f56bfc062723c751e8b465ee728b)  -> (artifact id: '08515fc30ea1749359f8f16057c93dfc') in 0.061036 seconds 
========================================================================
Received Import Request.
  Time since last request: 0.000019 seconds.
  path: Assets/03.Models/Level Art/roadTile_243.fbx
  artifactKey: Guid(0d95d2e8555482243998cedf634ff403) Importer(815301076,1909f56bfc062723c751e8b465ee728b)
Start importing Assets/03.Models/Level Art/roadTile_243.fbx using Guid(0d95d2e8555482243998cedf634ff403) Importer(815301076,1909f56bfc062723c751e8b465ee728b)  -> (artifact id: '65cfdde96a562fb3957e148dcadc185a') in 0.042786 seconds 
========================================================================
Received Import Request.
  Time since last request: 0.000025 seconds.
  path: Assets/03.Models/Level Art/roadTile_252.fbx
  artifactKey: Guid(512bef4fd6304ef4b85c12d0fd637dd8) Importer(815301076,1909f56bfc062723c751e8b465ee728b)
Start importing Assets/03.Models/Level Art/roadTile_252.fbx using Guid(512bef4fd6304ef4b85c12d0fd637dd8) Importer(815301076,1909f56bfc062723c751e8b465ee728b)  -> (artifact id: '42b4890123d2556afae2b3d2fe14949d') in 0.030418 seconds 
========================================================================
Received Import Request.
  Time since last request: 0.000018 seconds.
  path: Assets/03.Models/Level Art/shovelDirt.fbx
  artifactKey: Guid(088c6303db5b58649907d1856773fc61) Importer(815301076,1909f56bfc062723c751e8b465ee728b)
Start importing Assets/03.Models/Level Art/shovelDirt.fbx using Guid(088c6303db5b58649907d1856773fc61) Importer(815301076,1909f56bfc062723c751e8b465ee728b)  -> (artifact id: '3c7a751f90b112563a0efd89976f8e94') in 0.018169 seconds 
========================================================================
Received Import Request.
  Time since last request: 0.000018 seconds.
  path: Assets/03.Models/Level Art/shovel.fbx
  artifactKey: Guid(87f0eb128dd40214fa3a67a0861174a7) Importer(815301076,1909f56bfc062723c751e8b465ee728b)
Start importing Assets/03.Models/Level Art/shovel.fbx using Guid(87f0eb128dd40214fa3a67a0861174a7) Importer(815301076,1909f56bfc062723c751e8b465ee728b)  -> (artifact id: '028e757eb530e062ac923958edc0edbf') in 0.025499 seconds 
========================================================================
Received Import Request.
  Time since last request: 0.000021 seconds.
  path: Assets/03.Models/ShellCasing.FBX
  artifactKey: Guid(39af8eb310699cb4dac88a1ce9577c85) Importer(815301076,1909f56bfc062723c751e8b465ee728b)
Start importing Assets/03.Models/ShellCasing.FBX using Guid(39af8eb310699cb4dac88a1ce9577c85) Importer(815301076,1909f56bfc062723c751e8b465ee728b)  -> (artifact id: 'd10b5723edb2fbeb3645d4ec6770e510') in 0.031574 seconds 
========================================================================
Received Import Request.
  Time since last request: 0.000028 seconds.
  path: Assets/02.Prefabs/Spawn Points.prefab
  artifactKey: Guid(5314e1f0757cf4cf79d58731d117e6cd) Importer(815301076,1909f56bfc062723c751e8b465ee728b)
Start importing Assets/02.Prefabs/Spawn Points.prefab using Guid(5314e1f0757cf4cf79d58731d117e6cd) Importer(815301076,1909f56bfc062723c751e8b465ee728b)  -> (artifact id: '7bd7d5e1623eff30161c601fc0dd4338') in 0.009720 seconds 
========================================================================
Received Import Request.
  Time since last request: 0.000034 seconds.
  path: Assets/03.Models/Level Art/urn.fbx
  artifactKey: Guid(962587daea57bab42afc7a02477c5d6d) Importer(815301076,1909f56bfc062723c751e8b465ee728b)
Start importing Assets/03.Models/Level Art/urn.fbx using Guid(962587daea57bab42afc7a02477c5d6d) Importer(815301076,1909f56bfc062723c751e8b465ee728b)  -> (artifact id: '158bc186530821312ff0fd1ea33a0502') in 0.025640 seconds 
========================================================================
Received Import Request.
  Time since last request: 0.000021 seconds.
  path: Assets/03.Models/Level Art/roadTile_014.fbx
  artifactKey: Guid(ee3a89c63cf95fa4c92cd786d0d4385a) Importer(815301076,1909f56bfc062723c751e8b465ee728b)
Start importing Assets/03.Models/Level Art/roadTile_014.fbx using Guid(ee3a89c63cf95fa4c92cd786d0d4385a) Importer(815301076,1909f56bfc062723c751e8b465ee728b)  -> (artifact id: 'd7a83d33d14c8d4817ec14afacfc9c1d') in 0.023615 seconds 
========================================================================
Received Import Request.
  Time since last request: 145.023013 seconds.
  path: Assets/05.Animations/PlayerAnimator.controller
  artifactKey: Guid(4b21643e9b1a50d40988d1713d5fe760) Importer(815301076,1909f56bfc062723c751e8b465ee728b)
Start importing Assets/05.Animations/PlayerAnimator.controller using Guid(4b21643e9b1a50d40988d1713d5fe760) Importer(815301076,1909f56bfc062723c751e8b465ee728b)  -> (artifact id: '9627ae327bdba011e9a588b448a5a99c') in 0.015486 seconds 
